<?xml version="1.0" encoding="UTF-8"?>
<!-- Generated by org.testng.reporters.JUnitReportReporter -->
<testsuite hostname="BDC4A-D-74MSX52" name="mavenGittry3.test1" tests="1" failures="0" timestamp="22 Jun 2016 09:27:20 GMT" time="0.010" errors="0">
  <testcase name="openBrowser" time="0.010" classname="mavenGittry3.test1"/>
</testsuite> <!-- mavenGittry3.test1 -->
